<?xml version="1.0" encoding="UTF-8"?>
<coverage generated="1687425852747" clover="3.2.0">
  <project timestamp="1687425852747" name="All files">
    <metrics statements="28" coveredstatements="23" conditionals="2" coveredconditionals="1" methods="12" coveredmethods="9" elements="42" coveredelements="33" complexity="0" loc="28" ncloc="28" packages="2" files="2" classes="2"/>
    <package name="src">
      <metrics statements="3" coveredstatements="3" conditionals="0" coveredconditionals="0" methods="0" coveredmethods="0"/>
      <file name="firebase.config.js" path="/Users/donovan/Documents/projects/orbital/csDuck/planner/src/firebase.config.js">
        <metrics statements="3" coveredstatements="3" conditionals="0" coveredconditionals="0" methods="0" coveredmethods="0"/>
        <line num="4" count="1" type="stmt"/>
        <line num="14" count="1" type="stmt"/>
        <line num="15" count="1" type="stmt"/>
      </file>
    </package>
    <package name="src.components">
      <metrics statements="25" coveredstatements="20" conditionals="2" coveredconditionals="1" methods="12" coveredmethods="9"/>
      <file name="Register.jsx" path="/Users/donovan/Documents/projects/orbital/csDuck/planner/src/components/Register.jsx">
        <metrics statements="25" coveredstatements="20" conditionals="2" coveredconditionals="1" methods="12" coveredmethods="9"/>
        <line num="23" count="1" type="stmt"/>
        <line num="25" count="1" type="stmt"/>
        <line num="27" count="1" type="stmt"/>
        <line num="30" count="0" type="stmt"/>
        <line num="31" count="0" type="stmt"/>
        <line num="33" count="1" type="stmt"/>
        <line num="45" count="9" type="stmt"/>
        <line num="47" count="8" type="stmt"/>
        <line num="58" count="8" type="stmt"/>
        <line num="59" count="2" type="stmt"/>
        <line num="60" count="2" type="stmt"/>
        <line num="72" count="0" type="stmt"/>
        <line num="74" count="0" type="stmt"/>
        <line num="78" count="8" type="stmt"/>
        <line num="79" count="6" type="cond" truecount="1" falsecount="1"/>
        <line num="80" count="0" type="stmt"/>
        <line num="92" count="1" type="stmt"/>
        <line num="93" count="1" type="stmt"/>
        <line num="94" count="1" type="stmt"/>
        <line num="95" count="1" type="stmt"/>
        <line num="97" count="1" type="stmt"/>
        <line num="98" count="1" type="stmt"/>
        <line num="101" count="8" type="stmt"/>
        <line num="126" count="1" type="stmt"/>
        <line num="136" count="1" type="stmt"/>
      </file>
    </package>
  </project>
</coverage>
