<?xml version="1.0" encoding="UTF-8"?>
<coverage generated="1687269295316" clover="3.2.0">
  <project timestamp="1687269295316" name="All files">
    <metrics statements="22" coveredstatements="9" conditionals="8" coveredconditionals="2" methods="7" coveredmethods="2" elements="37" coveredelements="13" complexity="0" loc="22" ncloc="22" packages="2" files="2" classes="2"/>
    <package name="src">
      <metrics statements="3" coveredstatements="3" conditionals="0" coveredconditionals="0" methods="0" coveredmethods="0"/>
      <file name="firebase.config.js" path="/Users/donovan/Documents/projects/orbital/csDuck/planner/src/firebase.config.js">
        <metrics statements="3" coveredstatements="3" conditionals="0" coveredconditionals="0" methods="0" coveredmethods="0"/>
        <line num="4" count="1" type="stmt"/>
        <line num="14" count="1" type="stmt"/>
        <line num="15" count="1" type="stmt"/>
      </file>
    </package>
    <package name="src.components">
      <metrics statements="19" coveredstatements="6" conditionals="8" coveredconditionals="2" methods="7" coveredmethods="2"/>
      <file name="VerifyEmail.jsx" path="/Users/donovan/Documents/projects/orbital/csDuck/planner/src/components/VerifyEmail.jsx">
        <metrics statements="19" coveredstatements="6" conditionals="8" coveredconditionals="2" methods="7" coveredmethods="2"/>
        <line num="14" count="1" type="stmt"/>
        <line num="15" count="1" type="stmt"/>
        <line num="16" count="1" type="stmt"/>
        <line num="17" count="1" type="stmt"/>
        <line num="19" count="1" type="stmt"/>
        <line num="32" count="0" type="cond" truecount="0" falsecount="2"/>
        <line num="33" count="0" type="stmt"/>
        <line num="34" count="0" type="stmt"/>
        <line num="35" count="0" type="stmt"/>
        <line num="36" count="0" type="stmt"/>
        <line num="37" count="0" type="stmt"/>
        <line num="38" count="0" type="stmt"/>
        <line num="39" count="0" type="stmt"/>
        <line num="40" count="0" type="cond" truecount="0" falsecount="2"/>
        <line num="41" count="0" type="stmt"/>
        <line num="42" count="0" type="stmt"/>
        <line num="43" count="0" type="stmt"/>
        <line num="45" count="0" type="stmt"/>
        <line num="52" count="1" type="stmt"/>
      </file>
    </package>
  </project>
</coverage>
