{"/Users/donovan/Documents/projects/orbital/csDuck/planner/src/firebase.config.js": {"path":"/Users/donovan/Documents/projects/orbital/csDuck/planner/src/firebase.config.js","statementMap":{"0":{"start":{"line":4,"column":23},"end":{"line":12,"column":3}},"1":{"start":{"line":14,"column":12},"end":{"line":14,"column":41}},"2":{"start":{"line":15,"column":23},"end":{"line":15,"column":35}}},"fnMap":{},"branchMap":{},"s":{"0":1,"1":1,"2":1},"f":{},"b":{},"_coverageSchema":"1a1c01bbd47fc00a2c39e90264f33305004495a9","hash":"f33ef2d6d1edb8ecae0e118fd5ff2a608f0ef5ca"}
,"/Users/donovan/Documents/projects/orbital/csDuck/planner/src/components/helperFunctions/Toposort.jsx": {"path":"/Users/donovan/Documents/projects/orbital/csDuck/planner/src/components/helperFunctions/Toposort.jsx","statementMap":{"0":{"start":{"line":20,"column":8},"end":{"line":20,"column":25}},"1":{"start":{"line":21,"column":8},"end":{"line":21,"column":38}},"2":{"start":{"line":23,"column":8},"end":{"line":23,"column":31}},"3":{"start":{"line":25,"column":8},"end":{"line":25,"column":25}},"4":{"start":{"line":33,"column":8},"end":{"line":33,"column":25}},"5":{"start":{"line":43,"column":8},"end":{"line":43,"column":32}},"6":{"start":{"line":53,"column":8},"end":{"line":53,"column":41}},"7":{"start":{"line":65,"column":8},"end":{"line":75,"column":9}},"8":{"start":{"line":66,"column":12},"end":{"line":66,"column":47}},"9":{"start":{"line":67,"column":12},"end":{"line":74,"column":15}},"10":{"start":{"line":68,"column":16},"end":{"line":73,"column":17}},"11":{"start":{"line":69,"column":20},"end":{"line":69,"column":72}},"12":{"start":{"line":72,"column":20},"end":{"line":72,"column":60}},"13":{"start":{"line":88,"column":17},"end":{"line":88,"column":42}},"14":{"start":{"line":89,"column":20},"end":{"line":89,"column":43}},"15":{"start":{"line":91,"column":21},"end":{"line":97,"column":6}},"16":{"start":{"line":99,"column":18},"end":{"line":99,"column":39}},"17":{"start":{"line":100,"column":4},"end":{"line":100,"column":17}},"18":{"start":{"line":112,"column":4},"end":{"line":124,"column":5}},"19":{"start":{"line":113,"column":8},"end":{"line":113,"column":18}},"20":{"start":{"line":114,"column":11},"end":{"line":124,"column":5}},"21":{"start":{"line":115,"column":8},"end":{"line":115,"column":17}},"22":{"start":{"line":117,"column":8},"end":{"line":123,"column":9}},"23":{"start":{"line":118,"column":12},"end":{"line":118,"column":22}},"24":{"start":{"line":119,"column":15},"end":{"line":123,"column":9}},"25":{"start":{"line":120,"column":12},"end":{"line":120,"column":21}},"26":{"start":{"line":122,"column":12},"end":{"line":122,"column":21}},"27":{"start":{"line":139,"column":4},"end":{"line":141,"column":5}},"28":{"start":{"line":140,"column":8},"end":{"line":140,"column":20}},"29":{"start":{"line":144,"column":23},"end":{"line":144,"column":32}},"30":{"start":{"line":146,"column":15},"end":{"line":146,"column":20}},"31":{"start":{"line":147,"column":4},"end":{"line":163,"column":7}},"32":{"start":{"line":148,"column":23},"end":{"line":148,"column":27}},"33":{"start":{"line":149,"column":8},"end":{"line":156,"column":9}},"34":{"start":{"line":151,"column":12},"end":{"line":151,"column":41}},"35":{"start":{"line":152,"column":12},"end":{"line":152,"column":24}},"36":{"start":{"line":155,"column":12},"end":{"line":155,"column":38}},"37":{"start":{"line":157,"column":8},"end":{"line":162,"column":9}},"38":{"start":{"line":158,"column":12},"end":{"line":158,"column":47}},"39":{"start":{"line":161,"column":12},"end":{"line":161,"column":43}},"40":{"start":{"line":164,"column":4},"end":{"line":168,"column":5}},"41":{"start":{"line":166,"column":24},"end":{"line":166,"column":41}},"42":{"start":{"line":167,"column":8},"end":{"line":167,"column":45}},"43":{"start":{"line":170,"column":4},"end":{"line":170,"column":69}},"44":{"start":{"line":170,"column":31},"end":{"line":170,"column":67}},"45":{"start":{"line":171,"column":19},"end":{"line":171,"column":21}},"46":{"start":{"line":172,"column":4},"end":{"line":172,"column":50}},"47":{"start":{"line":172,"column":31},"end":{"line":172,"column":48}},"48":{"start":{"line":174,"column":25},"end":{"line":174,"column":56}},"49":{"start":{"line":175,"column":4},"end":{"line":175,"column":30}},"50":{"start":{"line":176,"column":18},"end":{"line":176,"column":19}},"51":{"start":{"line":179,"column":4},"end":{"line":190,"column":5}},"52":{"start":{"line":180,"column":26},"end":{"line":180,"column":45}},"53":{"start":{"line":181,"column":8},"end":{"line":181,"column":19}},"54":{"start":{"line":183,"column":8},"end":{"line":189,"column":14}},"55":{"start":{"line":185,"column":16},"end":{"line":185,"column":31}},"56":{"start":{"line":187,"column":16},"end":{"line":187,"column":42}},"57":{"start":{"line":188,"column":16},"end":{"line":188,"column":39}},"58":{"start":{"line":191,"column":4},"end":{"line":191,"column":25}},"59":{"start":{"line":192,"column":4},"end":{"line":192,"column":37}},"60":{"start":{"line":205,"column":21},"end":{"line":205,"column":23}},"61":{"start":{"line":207,"column":8},"end":{"line":209,"column":9}},"62":{"start":{"line":208,"column":12},"end":{"line":208,"column":33}},"63":{"start":{"line":212,"column":8},"end":{"line":212,"column":35}},"64":{"start":{"line":213,"column":27},"end":{"line":213,"column":36}},"65":{"start":{"line":215,"column":8},"end":{"line":218,"column":11}},"66":{"start":{"line":216,"column":29},"end":{"line":216,"column":43}},"67":{"start":{"line":217,"column":12},"end":{"line":217,"column":47}},"68":{"start":{"line":220,"column":8},"end":{"line":220,"column":73}},"69":{"start":{"line":220,"column":35},"end":{"line":220,"column":71}},"70":{"start":{"line":221,"column":23},"end":{"line":221,"column":25}},"71":{"start":{"line":222,"column":8},"end":{"line":222,"column":54}},"72":{"start":{"line":222,"column":35},"end":{"line":222,"column":52}},"73":{"start":{"line":224,"column":29},"end":{"line":224,"column":60}},"74":{"start":{"line":225,"column":8},"end":{"line":225,"column":34}},"75":{"start":{"line":228,"column":8},"end":{"line":239,"column":9}},"76":{"start":{"line":229,"column":30},"end":{"line":229,"column":49}},"77":{"start":{"line":230,"column":12},"end":{"line":230,"column":35}},"78":{"start":{"line":232,"column":12},"end":{"line":238,"column":18}},"79":{"start":{"line":234,"column":20},"end":{"line":234,"column":35}},"80":{"start":{"line":236,"column":20},"end":{"line":236,"column":46}},"81":{"start":{"line":237,"column":20},"end":{"line":237,"column":43}},"82":{"start":{"line":240,"column":8},"end":{"line":240,"column":51}},"83":{"start":{"line":240,"column":36},"end":{"line":240,"column":50}},"84":{"start":{"line":241,"column":8},"end":{"line":241,"column":28}},"85":{"start":{"line":242,"column":8},"end":{"line":242,"column":22}}},"fnMap":{"0":{"name":"(anonymous_0)","decl":{"start":{"line":18,"column":4},"end":{"line":18,"column":5}},"loc":{"start":{"line":18,"column":22},"end":{"line":26,"column":5}},"line":18},"1":{"name":"(anonymous_1)","decl":{"start":{"line":32,"column":4},"end":{"line":32,"column":5}},"loc":{"start":{"line":32,"column":14},"end":{"line":34,"column":5}},"line":32},"2":{"name":"(anonymous_2)","decl":{"start":{"line":42,"column":4},"end":{"line":42,"column":5}},"loc":{"start":{"line":42,"column":16},"end":{"line":44,"column":5}},"line":42},"3":{"name":"(anonymous_3)","decl":{"start":{"line":52,"column":4},"end":{"line":52,"column":5}},"loc":{"start":{"line":52,"column":30},"end":{"line":54,"column":5}},"line":52},"4":{"name":"(anonymous_4)","decl":{"start":{"line":64,"column":4},"end":{"line":64,"column":5}},"loc":{"start":{"line":64,"column":33},"end":{"line":76,"column":5}},"line":64},"5":{"name":"(anonymous_5)","decl":{"start":{"line":67,"column":34},"end":{"line":67,"column":35}},"loc":{"start":{"line":67,"column":50},"end":{"line":74,"column":13}},"line":67},"6":{"name":"extractExistingTasks","decl":{"start":{"line":87,"column":22},"end":{"line":87,"column":42}},"loc":{"start":{"line":87,"column":45},"end":{"line":101,"column":1}},"line":87},"7":{"name":"customInDegComparator","decl":{"start":{"line":111,"column":9},"end":{"line":111,"column":30}},"loc":{"start":{"line":111,"column":37},"end":{"line":125,"column":1}},"line":111},"8":{"name":"verifyDAG","decl":{"start":{"line":137,"column":30},"end":{"line":137,"column":39}},"loc":{"start":{"line":137,"column":64},"end":{"line":193,"column":1}},"line":137},"9":{"name":"(anonymous_9)","decl":{"start":{"line":147,"column":26},"end":{"line":147,"column":27}},"loc":{"start":{"line":147,"column":34},"end":{"line":163,"column":5}},"line":147},"10":{"name":"(anonymous_10)","decl":{"start":{"line":170,"column":23},"end":{"line":170,"column":24}},"loc":{"start":{"line":170,"column":31},"end":{"line":170,"column":67}},"line":170},"11":{"name":"(anonymous_11)","decl":{"start":{"line":172,"column":23},"end":{"line":172,"column":24}},"loc":{"start":{"line":172,"column":31},"end":{"line":172,"column":48}},"line":172},"12":{"name":"(anonymous_12)","decl":{"start":{"line":184,"column":21},"end":{"line":184,"column":22}},"loc":{"start":{"line":184,"column":29},"end":{"line":189,"column":13}},"line":184},"13":{"name":"Toposort","decl":{"start":{"line":203,"column":22},"end":{"line":203,"column":30}},"loc":{"start":{"line":203,"column":46},"end":{"line":243,"column":1}},"line":203},"14":{"name":"(anonymous_14)","decl":{"start":{"line":215,"column":30},"end":{"line":215,"column":31}},"loc":{"start":{"line":215,"column":38},"end":{"line":218,"column":9}},"line":215},"15":{"name":"(anonymous_15)","decl":{"start":{"line":220,"column":27},"end":{"line":220,"column":28}},"loc":{"start":{"line":220,"column":35},"end":{"line":220,"column":71}},"line":220},"16":{"name":"(anonymous_16)","decl":{"start":{"line":222,"column":27},"end":{"line":222,"column":28}},"loc":{"start":{"line":222,"column":35},"end":{"line":222,"column":52}},"line":222},"17":{"name":"(anonymous_17)","decl":{"start":{"line":233,"column":25},"end":{"line":233,"column":26}},"loc":{"start":{"line":233,"column":33},"end":{"line":238,"column":17}},"line":233},"18":{"name":"(anonymous_18)","decl":{"start":{"line":240,"column":28},"end":{"line":240,"column":29}},"loc":{"start":{"line":240,"column":36},"end":{"line":240,"column":50}},"line":240}},"branchMap":{"0":{"loc":{"start":{"line":65,"column":8},"end":{"line":75,"column":9}},"type":"if","locations":[{"start":{"line":65,"column":8},"end":{"line":75,"column":9}},{"start":{},"end":{}}],"line":65},"1":{"loc":{"start":{"line":68,"column":16},"end":{"line":73,"column":17}},"type":"if","locations":[{"start":{"line":68,"column":16},"end":{"line":73,"column":17}},{"start":{"line":70,"column":23},"end":{"line":73,"column":17}}],"line":68},"2":{"loc":{"start":{"line":112,"column":4},"end":{"line":124,"column":5}},"type":"if","locations":[{"start":{"line":112,"column":4},"end":{"line":124,"column":5}},{"start":{"line":114,"column":11},"end":{"line":124,"column":5}}],"line":112},"3":{"loc":{"start":{"line":114,"column":11},"end":{"line":124,"column":5}},"type":"if","locations":[{"start":{"line":114,"column":11},"end":{"line":124,"column":5}},{"start":{"line":116,"column":11},"end":{"line":124,"column":5}}],"line":114},"4":{"loc":{"start":{"line":117,"column":8},"end":{"line":123,"column":9}},"type":"if","locations":[{"start":{"line":117,"column":8},"end":{"line":123,"column":9}},{"start":{"line":119,"column":15},"end":{"line":123,"column":9}}],"line":117},"5":{"loc":{"start":{"line":119,"column":15},"end":{"line":123,"column":9}},"type":"if","locations":[{"start":{"line":119,"column":15},"end":{"line":123,"column":9}},{"start":{"line":121,"column":15},"end":{"line":123,"column":9}}],"line":119},"6":{"loc":{"start":{"line":139,"column":4},"end":{"line":141,"column":5}},"type":"if","locations":[{"start":{"line":139,"column":4},"end":{"line":141,"column":5}},{"start":{},"end":{}}],"line":139},"7":{"loc":{"start":{"line":149,"column":8},"end":{"line":156,"column":9}},"type":"if","locations":[{"start":{"line":149,"column":8},"end":{"line":156,"column":9}},{"start":{"line":153,"column":15},"end":{"line":156,"column":9}}],"line":149},"8":{"loc":{"start":{"line":157,"column":8},"end":{"line":162,"column":9}},"type":"if","locations":[{"start":{"line":157,"column":8},"end":{"line":162,"column":9}},{"start":{"line":159,"column":15},"end":{"line":162,"column":9}}],"line":157},"9":{"loc":{"start":{"line":164,"column":4},"end":{"line":168,"column":5}},"type":"if","locations":[{"start":{"line":164,"column":4},"end":{"line":168,"column":5}},{"start":{},"end":{}}],"line":164},"10":{"loc":{"start":{"line":179,"column":10},"end":{"line":179,"column":68}},"type":"binary-expr","locations":[{"start":{"line":179,"column":10},"end":{"line":179,"column":33}},{"start":{"line":179,"column":37},"end":{"line":179,"column":68}}],"line":179},"11":{"loc":{"start":{"line":207,"column":8},"end":{"line":209,"column":9}},"type":"if","locations":[{"start":{"line":207,"column":8},"end":{"line":209,"column":9}},{"start":{},"end":{}}],"line":207},"12":{"loc":{"start":{"line":228,"column":14},"end":{"line":228,"column":72}},"type":"binary-expr","locations":[{"start":{"line":228,"column":14},"end":{"line":228,"column":37}},{"start":{"line":228,"column":41},"end":{"line":228,"column":72}}],"line":228}},"s":{"0":25,"1":25,"2":25,"3":25,"4":10,"5":22,"6":21,"7":25,"8":25,"9":25,"10":21,"11":21,"12":0,"13":0,"14":0,"15":0,"16":0,"17":0,"18":64,"19":12,"20":52,"21":19,"22":33,"23":0,"24":33,"25":1,"26":32,"27":8,"28":3,"29":5,"30":5,"31":5,"32":11,"33":11,"34":1,"35":1,"36":10,"37":11,"38":11,"39":0,"40":5,"41":4,"42":4,"43":5,"44":15,"45":5,"46":5,"47":15,"48":5,"49":5,"50":5,"51":5,"52":10,"53":10,"54":10,"55":10,"56":10,"57":10,"58":5,"59":5,"60":5,"61":5,"62":2,"63":3,"64":3,"65":3,"66":10,"67":10,"68":3,"69":10,"70":3,"71":3,"72":10,"73":3,"74":3,"75":3,"76":10,"77":10,"78":10,"79":6,"80":6,"81":6,"82":3,"83":10,"84":3,"85":3},"f":{"0":25,"1":10,"2":22,"3":21,"4":25,"5":21,"6":0,"7":64,"8":8,"9":11,"10":15,"11":15,"12":10,"13":5,"14":10,"15":10,"16":10,"17":6,"18":10},"b":{"0":[25,0],"1":[21,0],"2":[12,52],"3":[19,33],"4":[0,33],"5":[1,32],"6":[3,5],"7":[1,10],"8":[11,0],"9":[4,1],"10":[15,12],"11":[2,3],"12":[13,10]},"_coverageSchema":"1a1c01bbd47fc00a2c39e90264f33305004495a9","hash":"c24d3ec667ef163789b2e694e91b907c7ee92e67"}
,"/Users/donovan/Documents/projects/orbital/csDuck/planner/src/components/helperFunctions/cloneArray.js": {"path":"/Users/donovan/Documents/projects/orbital/csDuck/planner/src/components/helperFunctions/cloneArray.js","statementMap":{"0":{"start":{"line":2,"column":4},"end":{"line":2,"column":22}},"1":{"start":{"line":5,"column":0},"end":{"line":5,"column":28}}},"fnMap":{"0":{"name":"cloneArray","decl":{"start":{"line":1,"column":9},"end":{"line":1,"column":19}},"loc":{"start":{"line":1,"column":27},"end":{"line":3,"column":1}},"line":1}},"branchMap":{},"s":{"0":2,"1":1},"f":{"0":2},"b":{},"_coverageSchema":"1a1c01bbd47fc00a2c39e90264f33305004495a9","hash":"b95b942f985aaca708263fd60ea256e3f6bc5c7a"}
,"/Users/donovan/Documents/projects/orbital/csDuck/planner/src/components/helperFunctions/serverUrl.js": {"path":"/Users/donovan/Documents/projects/orbital/csDuck/planner/src/components/helperFunctions/serverUrl.js","statementMap":{"0":{"start":{"line":1,"column":26},"end":{"line":1,"column":49}}},"fnMap":{},"branchMap":{},"s":{"0":1},"f":{},"b":{},"_coverageSchema":"1a1c01bbd47fc00a2c39e90264f33305004495a9","hash":"afb13fa5c0bc6acc402814995a8ac9bee6539c11"}
,"/Users/donovan/Documents/projects/orbital/csDuck/planner/src/components/helperFunctions/sum.js": {"path":"/Users/donovan/Documents/projects/orbital/csDuck/planner/src/components/helperFunctions/sum.js","statementMap":{"0":{"start":{"line":2,"column":4},"end":{"line":2,"column":17}},"1":{"start":{"line":5,"column":0},"end":{"line":5,"column":21}}},"fnMap":{"0":{"name":"sum","decl":{"start":{"line":1,"column":9},"end":{"line":1,"column":12}},"loc":{"start":{"line":1,"column":19},"end":{"line":3,"column":1}},"line":1}},"branchMap":{},"s":{"0":1,"1":1},"f":{"0":1},"b":{},"_coverageSchema":"1a1c01bbd47fc00a2c39e90264f33305004495a9","hash":"29f97bb8644b18b102655745c9e8292f2981f901"}
}
