{"/Users/donovan/Documents/projects/orbital/csDuck/planner/src/firebase.config.js": {"path":"/Users/donovan/Documents/projects/orbital/csDuck/planner/src/firebase.config.js","statementMap":{"0":{"start":{"line":4,"column":23},"end":{"line":12,"column":3}},"1":{"start":{"line":14,"column":12},"end":{"line":14,"column":41}},"2":{"start":{"line":15,"column":23},"end":{"line":15,"column":35}}},"fnMap":{},"branchMap":{},"s":{"0":1,"1":1,"2":1},"f":{},"b":{},"_coverageSchema":"1a1c01bbd47fc00a2c39e90264f33305004495a9","hash":"f33ef2d6d1edb8ecae0e118fd5ff2a608f0ef5ca"}
,"/Users/donovan/Documents/projects/orbital/csDuck/planner/src/components/VerifyEmail.jsx": {"path":"/Users/donovan/Documents/projects/orbital/csDuck/planner/src/components/VerifyEmail.jsx","statementMap":{"0":{"start":{"line":14,"column":28},"end":{"line":14,"column":42}},"1":{"start":{"line":15,"column":46},"end":{"line":15,"column":61}},"2":{"start":{"line":16,"column":28},"end":{"line":16,"column":40}},"3":{"start":{"line":17,"column":42},"end":{"line":17,"column":57}},"4":{"start":{"line":19,"column":4},"end":{"line":19,"column":59}},"5":{"start":{"line":19,"column":20},"end":{"line":19,"column":53}},"6":{"start":{"line":32,"column":8},"end":{"line":49,"column":9}},"7":{"start":{"line":33,"column":12},"end":{"line":33,"column":35}},"8":{"start":{"line":34,"column":12},"end":{"line":34,"column":33}},"9":{"start":{"line":35,"column":12},"end":{"line":36,"column":52}},"10":{"start":{"line":36,"column":32},"end":{"line":36,"column":50}},"11":{"start":{"line":37,"column":12},"end":{"line":37,"column":60}},"12":{"start":{"line":37,"column":29},"end":{"line":37,"column":52}},"13":{"start":{"line":38,"column":26},"end":{"line":48,"column":20}},"14":{"start":{"line":39,"column":16},"end":{"line":47,"column":19}},"15":{"start":{"line":40,"column":20},"end":{"line":46,"column":21}},"16":{"start":{"line":41,"column":24},"end":{"line":41,"column":46}},"17":{"start":{"line":42,"column":24},"end":{"line":42,"column":45}},"18":{"start":{"line":43,"column":24},"end":{"line":43,"column":34}},"19":{"start":{"line":45,"column":24},"end":{"line":45,"column":40}},"20":{"start":{"line":52,"column":4},"end":{"line":66,"column":5}}},"fnMap":{"0":{"name":"VerifyEmail","decl":{"start":{"line":12,"column":24},"end":{"line":12,"column":35}},"loc":{"start":{"line":12,"column":43},"end":{"line":67,"column":1}},"line":12},"1":{"name":"(anonymous_1)","decl":{"start":{"line":19,"column":14},"end":{"line":19,"column":15}},"loc":{"start":{"line":19,"column":20},"end":{"line":19,"column":53}},"line":19},"2":{"name":"handleResend","decl":{"start":{"line":31,"column":19},"end":{"line":31,"column":31}},"loc":{"start":{"line":31,"column":34},"end":{"line":50,"column":5}},"line":31},"3":{"name":"(anonymous_3)","decl":{"start":{"line":36,"column":23},"end":{"line":36,"column":24}},"loc":{"start":{"line":36,"column":32},"end":{"line":36,"column":50}},"line":36},"4":{"name":"(anonymous_4)","decl":{"start":{"line":37,"column":23},"end":{"line":37,"column":24}},"loc":{"start":{"line":37,"column":29},"end":{"line":37,"column":52}},"line":37},"5":{"name":"(anonymous_5)","decl":{"start":{"line":38,"column":38},"end":{"line":38,"column":39}},"loc":{"start":{"line":38,"column":44},"end":{"line":48,"column":13}},"line":38},"6":{"name":"(anonymous_6)","decl":{"start":{"line":39,"column":24},"end":{"line":39,"column":25}},"loc":{"start":{"line":39,"column":32},"end":{"line":47,"column":17}},"line":39}},"branchMap":{"0":{"loc":{"start":{"line":32,"column":8},"end":{"line":49,"column":9}},"type":"if","locations":[{"start":{"line":32,"column":8},"end":{"line":49,"column":9}},{"start":{},"end":{}}],"line":32},"1":{"loc":{"start":{"line":40,"column":20},"end":{"line":46,"column":21}},"type":"if","locations":[{"start":{"line":40,"column":20},"end":{"line":46,"column":21}},{"start":{"line":44,"column":27},"end":{"line":46,"column":21}}],"line":40},"2":{"loc":{"start":{"line":58,"column":38},"end":{"line":58,"column":75}},"type":"cond-expr","locations":[{"start":{"line":58,"column":52},"end":{"line":58,"column":66}},{"start":{"line":58,"column":69},"end":{"line":58,"column":75}}],"line":58},"3":{"loc":{"start":{"line":59,"column":39},"end":{"line":59,"column":77}},"type":"binary-expr","locations":[{"start":{"line":59,"column":39},"end":{"line":59,"column":61}},{"start":{"line":59,"column":65},"end":{"line":59,"column":77}}],"line":59}},"s":{"0":1,"1":1,"2":1,"3":1,"4":1,"5":1,"6":0,"7":0,"8":0,"9":0,"10":0,"11":0,"12":0,"13":0,"14":0,"15":0,"16":0,"17":0,"18":0,"19":0,"20":1},"f":{"0":1,"1":1,"2":0,"3":0,"4":0,"5":0,"6":0},"b":{"0":[0,0],"1":[0,0],"2":[0,1],"3":[1,0]},"_coverageSchema":"1a1c01bbd47fc00a2c39e90264f33305004495a9","hash":"932415a31476e4d535932258a4212f6c2293c2ae"}
}
