TN:
SF:src/firebase.config.js
FNF:0
FNH:0
DA:4,1
DA:14,1
DA:15,1
LF:3
LH:3
BRF:0
BRH:0
end_of_record
TN:
SF:src/components/VerifyEmail.jsx
FN:12,VerifyEmail
FN:19,(anonymous_1)
FN:31,handleResend
FN:36,(anonymous_3)
FN:37,(anonymous_4)
FN:38,(anonymous_5)
FN:39,(anonymous_6)
FNF:7
FNH:2
FNDA:1,VerifyEmail
FNDA:1,(anonymous_1)
FNDA:0,handleResend
FNDA:0,(anonymous_3)
FNDA:0,(anonymous_4)
FNDA:0,(anonymous_5)
FNDA:0,(anonymous_6)
DA:14,1
DA:15,1
DA:16,1
DA:17,1
DA:19,1
DA:32,0
DA:33,0
DA:34,0
DA:35,0
DA:36,0
DA:37,0
DA:38,0
DA:39,0
DA:40,0
DA:41,0
DA:42,0
DA:43,0
DA:45,0
DA:52,1
LF:19
LH:6
BRDA:32,0,0,0
BRDA:32,0,1,0
BRDA:40,1,0,0
BRDA:40,1,1,0
BRDA:58,2,0,0
BRDA:58,2,1,1
BRDA:59,3,0,1
BRDA:59,3,1,0
BRF:8
BRH:2
end_of_record
