TN:
SF:src/firebase.config.js
FNF:0
FNH:0
DA:4,1
DA:14,1
DA:15,1
LF:3
LH:3
BRF:0
BRH:0
end_of_record
TN:
SF:src/components/Register.jsx
FN:21,handleEmailPwCreation
FN:24,(anonymous_1)
FN:29,(anonymous_2)
FN:43,Register
FN:58,(anonymous_4)
FN:59,(anonymous_5)
FN:71,verifyEmail
FN:74,(anonymous_7)
FN:78,(anonymous_8)
FN:91,handleSubmit
FN:126,(anonymous_10)
FN:136,(anonymous_11)
FNF:12
FNH:9
FNDA:1,handleEmailPwCreation
FNDA:1,(anonymous_1)
FNDA:0,(anonymous_2)
FNDA:9,Register
FNDA:2,(anonymous_4)
FNDA:2,(anonymous_5)
FNDA:0,verifyEmail
FNDA:0,(anonymous_7)
FNDA:6,(anonymous_8)
FNDA:1,handleSubmit
FNDA:1,(anonymous_10)
FNDA:1,(anonymous_11)
DA:23,1
DA:25,1
DA:27,1
DA:30,0
DA:31,0
DA:33,1
DA:45,9
DA:47,8
DA:58,8
DA:59,2
DA:60,2
DA:72,0
DA:74,0
DA:78,8
DA:79,6
DA:80,0
DA:92,1
DA:93,1
DA:94,1
DA:95,1
DA:97,1
DA:98,1
DA:101,8
DA:126,1
DA:136,1
LF:25
LH:20
BRDA:79,0,0,0
BRDA:79,0,1,6
BRF:2
BRH:1
end_of_record
